2026-02-26 22:31:39 WARNING logger.<module>: settings.LOGGING_FILE not set; default is workflow.log
2026-02-27 12:31:39 WARNING logger.<module>: settings.LOGGING_FILE not set; default is workflow.log
2026-02-26 22:36:16 WARNING logger.<module>: settings.LOGGING_FILE not set; default is workflow.log
2026-02-27 12:36:17 WARNING logger.<module>: settings.LOGGING_FILE not set; default is workflow.log
2026-02-26 22:37:14 WARNING logger.<module>: settings.LOGGING_FILE not set; default is workflow.log
2026-02-27 12:37:15 WARNING logger.<module>: settings.LOGGING_FILE not set; default is workflow.log
2026-02-26 22:37:59 WARNING logger.<module>: settings.LOGGING_FILE not set; default is workflow.log
2026-02-27 12:37:59 WARNING logger.<module>: settings.LOGGING_FILE not set; default is workflow.log
2026-02-26 22:47:11 WARNING logger.<module>: settings.LOGGING_FILE not set; default is workflow.log
2026-02-26 22:47:12 WARNING logger.<module>: settings.LOGGING_FILE not set; default is workflow.log
2026-02-26 22:47:13 WARNING log.log_message: Unauthorized: /api/protected/me
2026-02-26 22:47:13 WARNING log.log_message: Unauthorized: /api/protected/processes
2026-02-26 22:47:13 WARNING log.log_message: Unauthorized: /api/protected/processes/1/activities
2026-02-26 22:47:13 WARNING log.log_message: Unauthorized: /api/protected/workitems
2026-02-26 22:47:13 WARNING log.log_message: Unauthorized: /api/protected/my/workitems
2026-02-26 22:47:13 WARNING log.log_message: Unauthorized: /api/protected/workitems/1/activate
2026-02-26 22:47:13 WARNING log.log_message: Unauthorized: /api/protected/workitems/1/complete
2026-02-26 22:47:13 WARNING log.log_message: Unauthorized: /api/protected/processes/start
2026-02-26 22:47:13 ERROR log.log_message: Internal Server Error: /api/auth/web/sign-in
Traceback (most recent call last):
  File "/Users/mikewolfli/Desktop/workspace/django-goflow/.venv/lib/python3.12/site-packages/django/core/handlers/exception.py", line 55, in inner
    response = get_response(request)
               ^^^^^^^^^^^^^^^^^^^^^
  File "/Users/mikewolfli/Desktop/workspace/django-goflow/.venv/lib/python3.12/site-packages/django/core/handlers/base.py", line 198, in _get_response
    response = wrapped_callback(request, *callback_args, **callback_kwargs)
               ^^^^^^^^^^^^^^^^^^^^^^^^^^^^^^^^^^^^^^^^^^^^^^^^^^^^^^^^^^^^
  File "/Users/mikewolfli/Desktop/workspace/django-goflow/.venv/lib/python3.12/site-packages/ninja/operation.py", line 487, in sync_view_wrapper
    return self._sync_view(request, *args, **kwargs)
           ^^^^^^^^^^^^^^^^^^^^^^^^^^^^^^^^^^^^^^^^^
  File "/Users/mikewolfli/Desktop/workspace/django-goflow/.venv/lib/python3.12/site-packages/ninja/operation.py", line 499, in _sync_view
    return operation.run(request, *a, **kw)
           ^^^^^^^^^^^^^^^^^^^^^^^^^^^^^^^^
  File "/Users/mikewolfli/Desktop/workspace/django-goflow/.venv/lib/python3.12/site-packages/ninja/operation.py", line 141, in run
    return self.api.on_exception(request, e)
           ^^^^^^^^^^^^^^^^^^^^^^^^^^^^^^^^^
  File "/Users/mikewolfli/Desktop/workspace/django-goflow/.venv/lib/python3.12/site-packages/ninja/main.py", line 531, in on_exception
    return handler(request, exc)
           ^^^^^^^^^^^^^^^^^^^^^
  File "/Users/mikewolfli/Desktop/workspace/django-goflow/.venv/lib/python3.12/site-packages/ninja/errors.py", line 129, in _default_exception
    raise exc  # let django deal with it
    ^^^^^^^^^
  File "/Users/mikewolfli/Desktop/workspace/django-goflow/.venv/lib/python3.12/site-packages/ninja/operation.py", line 134, in run
    result = self.view_func(request, **values)
             ^^^^^^^^^^^^^^^^^^^^^^^^^^^^^^^^^
  File "/Users/mikewolfli/Desktop/workspace/django-goflow/.venv/lib/python3.12/site-packages/ninja_simple_jwt/auth/views/api.py", line 66, in web_sign_in
    refresh_token, refresh_token_payload = get_refresh_token_for_user(user)
                                           ^^^^^^^^^^^^^^^^^^^^^^^^^^^^^^^^
  File "/Users/mikewolfli/Desktop/workspace/django-goflow/.venv/lib/python3.12/site-packages/ninja_simple_jwt/jwt/token_operations.py", line 28, in get_refresh_token_for_user
    return encode_token(payload, TokenTypes.REFRESH, json_encoder=TokenUserJsonEncoder)
           ^^^^^^^^^^^^^^^^^^^^^^^^^^^^^^^^^^^^^^^^^^^^^^^^^^^^^^^^^^^^^^^^^^^^^^^^^^^^
  File "/Users/mikewolfli/Desktop/workspace/django-goflow/.venv/lib/python3.12/site-packages/ninja_simple_jwt/jwt/token_operations.py", line 69, in encode_token
    InMemoryJwtKeyPair.private_key,
    ^^^^^^^^^^^^^^^^^^^^^^^^^^^^^^
  File "/Users/mikewolfli/Desktop/workspace/django-goflow/.venv/lib/python3.12/site-packages/django/utils/functional.py", line 61, in __get__
    return self.fget(cls)
           ^^^^^^^^^^^^^^
  File "/Users/mikewolfli/Desktop/workspace/django-goflow/.venv/lib/python3.12/site-packages/ninja_simple_jwt/jwt/key_retrieval.py", line 14, in private_key
    self._private_key = self._get_private_jwt_key()
                        ^^^^^^^^^^^^^^^^^^^^^^^^^^^
  File "/Users/mikewolfli/Desktop/workspace/django-goflow/.venv/lib/python3.12/site-packages/ninja_simple_jwt/jwt/key_retrieval.py", line 26, in _get_private_jwt_key
    with jwt_key_storage.open(ninja_simple_jwt_settings.JWT_PRIVATE_KEY_PATH) as f:
         ^^^^^^^^^^^^^^^^^^^^^^^^^^^^^^^^^^^^^^^^^^^^^^^^^^^^^^^^^^^^^^^^^^^^
  File "/Users/mikewolfli/Desktop/workspace/django-goflow/.venv/lib/python3.12/site-packages/django/core/files/storage/base.py", line 22, in open
    return self._open(name, mode)
           ^^^^^^^^^^^^^^^^^^^^^^
  File "/Users/mikewolfli/Desktop/workspace/django-goflow/.venv/lib/python3.12/site-packages/ninja_simple_jwt/jwt/key_store.py", line 17, in _open
    return open(name, mode)  # pylint: disable=unspecified-encoding
           ^^^^^^^^^^^^^^^^
FileNotFoundError: [Errno 2] No such file or directory: 'jwt-signing.pem'
2026-02-26 22:47:13 ERROR log.log_message: Internal Server Error: /api/auth/web/sign-in
Traceback (most recent call last):
  File "/Users/mikewolfli/Desktop/workspace/django-goflow/.venv/lib/python3.12/site-packages/django/core/handlers/exception.py", line 55, in inner
    response = get_response(request)
               ^^^^^^^^^^^^^^^^^^^^^
  File "/Users/mikewolfli/Desktop/workspace/django-goflow/.venv/lib/python3.12/site-packages/django/core/handlers/base.py", line 198, in _get_response
    response = wrapped_callback(request, *callback_args, **callback_kwargs)
               ^^^^^^^^^^^^^^^^^^^^^^^^^^^^^^^^^^^^^^^^^^^^^^^^^^^^^^^^^^^^
  File "/Users/mikewolfli/Desktop/workspace/django-goflow/.venv/lib/python3.12/site-packages/ninja/operation.py", line 487, in sync_view_wrapper
    return self._sync_view(request, *args, **kwargs)
           ^^^^^^^^^^^^^^^^^^^^^^^^^^^^^^^^^^^^^^^^^
  File "/Users/mikewolfli/Desktop/workspace/django-goflow/.venv/lib/python3.12/site-packages/ninja/operation.py", line 499, in _sync_view
    return operation.run(request, *a, **kw)
           ^^^^^^^^^^^^^^^^^^^^^^^^^^^^^^^^
  File "/Users/mikewolfli/Desktop/workspace/django-goflow/.venv/lib/python3.12/site-packages/ninja/operation.py", line 141, in run
    return self.api.on_exception(request, e)
           ^^^^^^^^^^^^^^^^^^^^^^^^^^^^^^^^^
  File "/Users/mikewolfli/Desktop/workspace/django-goflow/.venv/lib/python3.12/site-packages/ninja/main.py", line 531, in on_exception
    return handler(request, exc)
           ^^^^^^^^^^^^^^^^^^^^^
  File "/Users/mikewolfli/Desktop/workspace/django-goflow/.venv/lib/python3.12/site-packages/ninja/errors.py", line 129, in _default_exception
    raise exc  # let django deal with it
    ^^^^^^^^^
  File "/Users/mikewolfli/Desktop/workspace/django-goflow/.venv/lib/python3.12/site-packages/ninja/operation.py", line 134, in run
    result = self.view_func(request, **values)
             ^^^^^^^^^^^^^^^^^^^^^^^^^^^^^^^^^
  File "/Users/mikewolfli/Desktop/workspace/django-goflow/.venv/lib/python3.12/site-packages/ninja_simple_jwt/auth/views/api.py", line 66, in web_sign_in
    refresh_token, refresh_token_payload = get_refresh_token_for_user(user)
                                           ^^^^^^^^^^^^^^^^^^^^^^^^^^^^^^^^
  File "/Users/mikewolfli/Desktop/workspace/django-goflow/.venv/lib/python3.12/site-packages/ninja_simple_jwt/jwt/token_operations.py", line 28, in get_refresh_token_for_user
    return encode_token(payload, TokenTypes.REFRESH, json_encoder=TokenUserJsonEncoder)
           ^^^^^^^^^^^^^^^^^^^^^^^^^^^^^^^^^^^^^^^^^^^^^^^^^^^^^^^^^^^^^^^^^^^^^^^^^^^^
  File "/Users/mikewolfli/Desktop/workspace/django-goflow/.venv/lib/python3.12/site-packages/ninja_simple_jwt/jwt/token_operations.py", line 69, in encode_token
    InMemoryJwtKeyPair.private_key,
    ^^^^^^^^^^^^^^^^^^^^^^^^^^^^^^
  File "/Users/mikewolfli/Desktop/workspace/django-goflow/.venv/lib/python3.12/site-packages/django/utils/functional.py", line 61, in __get__
    return self.fget(cls)
           ^^^^^^^^^^^^^^
  File "/Users/mikewolfli/Desktop/workspace/django-goflow/.venv/lib/python3.12/site-packages/ninja_simple_jwt/jwt/key_retrieval.py", line 14, in private_key
    self._private_key = self._get_private_jwt_key()
                        ^^^^^^^^^^^^^^^^^^^^^^^^^^^
  File "/Users/mikewolfli/Desktop/workspace/django-goflow/.venv/lib/python3.12/site-packages/ninja_simple_jwt/jwt/key_retrieval.py", line 26, in _get_private_jwt_key
    with jwt_key_storage.open(ninja_simple_jwt_settings.JWT_PRIVATE_KEY_PATH) as f:
         ^^^^^^^^^^^^^^^^^^^^^^^^^^^^^^^^^^^^^^^^^^^^^^^^^^^^^^^^^^^^^^^^^^^^
  File "/Users/mikewolfli/Desktop/workspace/django-goflow/.venv/lib/python3.12/site-packages/django/core/files/storage/base.py", line 22, in open
    return self._open(name, mode)
           ^^^^^^^^^^^^^^^^^^^^^^
  File "/Users/mikewolfli/Desktop/workspace/django-goflow/.venv/lib/python3.12/site-packages/ninja_simple_jwt/jwt/key_store.py", line 17, in _open
    return open(name, mode)  # pylint: disable=unspecified-encoding
           ^^^^^^^^^^^^^^^^
FileNotFoundError: [Errno 2] No such file or directory: 'jwt-signing.pem'
2026-02-26 22:48:51 WARNING logger.<module>: settings.LOGGING_FILE not set; default is workflow.log
2026-02-26 22:48:51 WARNING log.log_message: Unauthorized: /api/protected/me
2026-02-26 22:48:51 WARNING log.log_message: Unauthorized: /api/protected/processes
2026-02-26 22:48:51 WARNING log.log_message: Unauthorized: /api/protected/processes/1/activities
2026-02-26 22:48:51 WARNING log.log_message: Unauthorized: /api/protected/workitems
2026-02-26 22:48:51 WARNING log.log_message: Unauthorized: /api/protected/my/workitems
2026-02-26 22:48:51 WARNING log.log_message: Unauthorized: /api/protected/workitems/1/activate
2026-02-26 22:48:51 WARNING log.log_message: Unauthorized: /api/protected/workitems/1/complete
2026-02-26 22:48:51 WARNING log.log_message: Unauthorized: /api/protected/processes/start
2026-02-26 22:49:05 WARNING logger.<module>: settings.LOGGING_FILE not set; default is workflow.log
2026-02-26 22:49:06 WARNING log.log_message: Unauthorized: /api/protected/me
2026-02-26 22:49:06 WARNING log.log_message: Unauthorized: /api/protected/processes
2026-02-26 22:49:06 WARNING log.log_message: Unauthorized: /api/protected/processes/1/activities
2026-02-26 22:49:06 WARNING log.log_message: Unauthorized: /api/protected/workitems
2026-02-26 22:49:06 WARNING log.log_message: Unauthorized: /api/protected/my/workitems
2026-02-26 22:49:06 WARNING log.log_message: Unauthorized: /api/protected/workitems/1/activate
2026-02-26 22:49:06 WARNING log.log_message: Unauthorized: /api/protected/workitems/1/complete
2026-02-26 22:49:06 WARNING log.log_message: Unauthorized: /api/protected/processes/start
2026-02-27 12:49:07 WARNING logger.<module>: settings.LOGGING_FILE not set; default is workflow.log
2026-02-27 12:49:16 WARNING logger.<module>: settings.LOGGING_FILE not set; default is workflow.log
2026-02-27 12:49:16 WARNING log.log_message: Unauthorized: /api/protected/me
2026-02-27 12:49:16 WARNING log.log_message: Unauthorized: /api/protected/processes
2026-02-27 12:49:16 WARNING log.log_message: Unauthorized: /api/protected/processes/1/activities
2026-02-27 12:49:16 WARNING log.log_message: Unauthorized: /api/protected/workitems
2026-02-27 12:49:16 WARNING log.log_message: Unauthorized: /api/protected/my/workitems
2026-02-27 12:49:16 WARNING log.log_message: Unauthorized: /api/protected/workitems/1/activate
2026-02-27 12:49:16 WARNING log.log_message: Unauthorized: /api/protected/workitems/1/complete
2026-02-27 12:49:16 WARNING log.log_message: Unauthorized: /api/protected/processes/start
2026-02-27 12:49:41 WARNING logger.<module>: settings.LOGGING_FILE not set; default is workflow.log
2026-02-27 12:49:41 WARNING log.log_message: Unauthorized: /api/protected/me
2026-02-27 12:49:41 WARNING log.log_message: Unauthorized: /api/protected/processes
2026-02-27 12:49:41 WARNING log.log_message: Unauthorized: /api/protected/processes/1/activities
2026-02-27 12:49:41 WARNING log.log_message: Unauthorized: /api/protected/workitems
2026-02-27 12:49:41 WARNING log.log_message: Unauthorized: /api/protected/my/workitems
2026-02-27 12:49:41 WARNING log.log_message: Unauthorized: /api/protected/workitems/1/activate
2026-02-27 12:49:41 WARNING log.log_message: Unauthorized: /api/protected/workitems/1/complete
2026-02-27 12:49:41 WARNING log.log_message: Unauthorized: /api/protected/processes/start
2026-02-27 12:49:53 WARNING logger.<module>: settings.LOGGING_FILE not set; default is workflow.log
2026-02-27 12:49:54 WARNING log.log_message: Unauthorized: /api/protected/me
2026-02-27 12:49:54 WARNING log.log_message: Unauthorized: /api/protected/processes
2026-02-27 12:49:54 WARNING log.log_message: Unauthorized: /api/protected/processes/1/activities
2026-02-27 12:49:54 WARNING log.log_message: Unauthorized: /api/protected/workitems
2026-02-27 12:49:54 WARNING log.log_message: Unauthorized: /api/protected/my/workitems
2026-02-27 12:49:54 WARNING log.log_message: Unauthorized: /api/protected/workitems/1/activate
2026-02-27 12:49:54 WARNING log.log_message: Unauthorized: /api/protected/workitems/1/complete
2026-02-27 12:49:54 WARNING log.log_message: Unauthorized: /api/protected/processes/start
2026-02-26 22:50:44 WARNING logger.<module>: settings.LOGGING_FILE not set; default is workflow.log
2026-02-26 22:50:45 WARNING logger.<module>: settings.LOGGING_FILE not set; default is workflow.log
2026-02-26 22:50:46 WARNING log.log_message: Unauthorized: /api/protected/me
2026-02-26 22:50:46 WARNING log.log_message: Unauthorized: /api/protected/processes
2026-02-26 22:50:46 WARNING log.log_message: Unauthorized: /api/protected/processes/1/activities
2026-02-26 22:50:46 WARNING log.log_message: Unauthorized: /api/protected/workitems
2026-02-26 22:50:46 WARNING log.log_message: Unauthorized: /api/protected/my/workitems
2026-02-26 22:50:46 WARNING log.log_message: Unauthorized: /api/protected/workitems/1/activate
2026-02-26 22:50:46 WARNING log.log_message: Unauthorized: /api/protected/workitems/1/complete
2026-02-26 22:50:46 WARNING log.log_message: Unauthorized: /api/protected/processes/start
2026-02-27 12:50:47 WARNING logger.<module>: settings.LOGGING_FILE not set; default is workflow.log
2026-02-27 12:50:48 WARNING logger.<module>: settings.LOGGING_FILE not set; default is workflow.log
2026-02-27 12:50:48 WARNING log.log_message: Unauthorized: /api/protected/me
2026-02-27 12:50:48 WARNING log.log_message: Unauthorized: /api/protected/processes
2026-02-27 12:50:48 WARNING log.log_message: Unauthorized: /api/protected/processes/1/activities
2026-02-27 12:50:48 WARNING log.log_message: Unauthorized: /api/protected/workitems
2026-02-27 12:50:48 WARNING log.log_message: Unauthorized: /api/protected/my/workitems
2026-02-27 12:50:48 WARNING log.log_message: Unauthorized: /api/protected/workitems/1/activate
2026-02-27 12:50:48 WARNING log.log_message: Unauthorized: /api/protected/workitems/1/complete
2026-02-27 12:50:48 WARNING log.log_message: Unauthorized: /api/protected/processes/start
2026-02-26 22:52:24 WARNING logger.<module>: settings.LOGGING_FILE not set; default is workflow.log
2026-02-26 22:52:25 WARNING log.log_message: Unauthorized: /api/protected/me
2026-02-26 22:52:25 WARNING log.log_message: Unauthorized: /api/protected/processes
2026-02-26 22:52:25 WARNING log.log_message: Unauthorized: /api/protected/processes/1/activities
2026-02-26 22:52:25 WARNING log.log_message: Unauthorized: /api/protected/workitems
2026-02-26 22:52:25 WARNING log.log_message: Unauthorized: /api/protected/my/workitems
2026-02-26 22:52:25 WARNING log.log_message: Unauthorized: /api/protected/workitems/1/activate
2026-02-26 22:52:25 WARNING log.log_message: Unauthorized: /api/protected/workitems/1/complete
2026-02-26 22:52:25 WARNING log.log_message: Unauthorized: /api/protected/processes/start
2026-02-27 12:52:26 WARNING logger.<module>: settings.LOGGING_FILE not set; default is workflow.log
2026-02-27 12:52:27 WARNING log.log_message: Unauthorized: /api/protected/me
2026-02-27 12:52:27 WARNING log.log_message: Unauthorized: /api/protected/processes
2026-02-27 12:52:27 WARNING log.log_message: Unauthorized: /api/protected/processes/1/activities
2026-02-27 12:52:27 WARNING log.log_message: Unauthorized: /api/protected/workitems
2026-02-27 12:52:27 WARNING log.log_message: Unauthorized: /api/protected/my/workitems
2026-02-27 12:52:27 WARNING log.log_message: Unauthorized: /api/protected/workitems/1/activate
2026-02-27 12:52:27 WARNING log.log_message: Unauthorized: /api/protected/workitems/1/complete
2026-02-27 12:52:27 WARNING log.log_message: Unauthorized: /api/protected/processes/start
2026-02-26 22:59:27 WARNING logger.<module>: settings.LOGGING_FILE not set; default is workflow.log
2026-02-26 22:59:53 WARNING logger.<module>: settings.LOGGING_FILE not set; default is workflow.log
2026-02-26 23:00:13 WARNING logger.<module>: settings.LOGGING_FILE not set; default is workflow.log
2026-02-27 13:00:14 WARNING logger.<module>: settings.LOGGING_FILE not set; default is workflow.log
2026-02-26 23:07:36 WARNING logger.<module>: settings.LOGGING_FILE not set; default is workflow.log
2026-02-27 13:07:37 WARNING logger.<module>: settings.LOGGING_FILE not set; default is workflow.log
2026-02-26 23:10:53 WARNING logger.<module>: settings.LOGGING_FILE not set; default is workflow.log
2026-02-26 23:10:54 WARNING log.log_message: Unauthorized: /api/protected/me
2026-02-26 23:10:54 WARNING log.log_message: Unauthorized: /api/protected/processes
2026-02-26 23:10:54 WARNING log.log_message: Unauthorized: /api/protected/processes/1/activities
2026-02-26 23:10:54 WARNING log.log_message: Unauthorized: /api/protected/workitems
2026-02-26 23:10:54 WARNING log.log_message: Unauthorized: /api/protected/my/workitems
2026-02-26 23:10:54 WARNING log.log_message: Unauthorized: /api/protected/workitems/1/activate
2026-02-26 23:10:54 WARNING log.log_message: Unauthorized: /api/protected/workitems/1/complete
2026-02-26 23:10:54 WARNING log.log_message: Unauthorized: /api/protected/processes/start
2026-02-26 23:10:56 WARNING log.log_message: Forbidden: /api/protected/processes/start
2026-02-26 23:10:56 WARNING log.log_message: Forbidden: /api/protected/processes/start
2026-02-26 23:11:25 WARNING logger.<module>: settings.LOGGING_FILE not set; default is workflow.log
2026-02-26 23:11:26 WARNING log.log_message: Unauthorized: /api/protected/me
2026-02-26 23:11:26 WARNING log.log_message: Unauthorized: /api/protected/processes
2026-02-26 23:11:26 WARNING log.log_message: Unauthorized: /api/protected/processes/1/activities
2026-02-26 23:11:26 WARNING log.log_message: Unauthorized: /api/protected/workitems
2026-02-26 23:11:26 WARNING log.log_message: Unauthorized: /api/protected/my/workitems
2026-02-26 23:11:26 WARNING log.log_message: Unauthorized: /api/protected/workitems/1/activate
2026-02-26 23:11:26 WARNING log.log_message: Unauthorized: /api/protected/workitems/1/complete
2026-02-26 23:11:26 WARNING log.log_message: Unauthorized: /api/protected/processes/start
2026-02-26 23:11:28 WARNING log.log_message: Bad Request: /api/protected/processes/start
2026-02-26 23:11:28 WARNING log.log_message: Forbidden: /api/protected/processes/start
2026-02-26 23:12:49 WARNING logger.<module>: settings.LOGGING_FILE not set; default is workflow.log
2026-02-26 23:12:50 WARNING log.log_message: Unauthorized: /api/protected/me
2026-02-26 23:12:50 WARNING log.log_message: Unauthorized: /api/protected/processes
2026-02-26 23:12:50 WARNING log.log_message: Unauthorized: /api/protected/processes/1/activities
2026-02-26 23:12:50 WARNING log.log_message: Unauthorized: /api/protected/workitems
2026-02-26 23:12:50 WARNING log.log_message: Unauthorized: /api/protected/my/workitems
2026-02-26 23:12:50 WARNING log.log_message: Unauthorized: /api/protected/workitems/1/activate
2026-02-26 23:12:50 WARNING log.log_message: Unauthorized: /api/protected/workitems/1/complete
2026-02-26 23:12:50 WARNING log.log_message: Unauthorized: /api/protected/processes/start
2026-02-26 23:12:52 INFO logger.event: EVENT: [Sample process Sample-Start (Sample process)-1] created by owner
2026-02-26 23:12:52 INFO logger.__call__: process: Sample process user: owner item: 1
2026-02-26 23:12:52 WARNING log.log_message: Forbidden: /api/protected/processes/start
2026-02-27 13:12:53 WARNING logger.<module>: settings.LOGGING_FILE not set; default is workflow.log
2026-02-27 13:12:54 WARNING log.log_message: Unauthorized: /api/protected/me
2026-02-27 13:12:54 WARNING log.log_message: Unauthorized: /api/protected/processes
2026-02-27 13:12:54 WARNING log.log_message: Unauthorized: /api/protected/processes/1/activities
2026-02-27 13:12:54 WARNING log.log_message: Unauthorized: /api/protected/workitems
2026-02-27 13:12:54 WARNING log.log_message: Unauthorized: /api/protected/my/workitems
2026-02-27 13:12:54 WARNING log.log_message: Unauthorized: /api/protected/workitems/1/activate
2026-02-27 13:12:54 WARNING log.log_message: Unauthorized: /api/protected/workitems/1/complete
2026-02-27 13:12:54 WARNING log.log_message: Unauthorized: /api/protected/processes/start
2026-02-26 23:13:02 WARNING logger.<module>: settings.LOGGING_FILE not set; default is workflow.log
2026-02-26 23:13:03 WARNING log.log_message: Unauthorized: /api/protected/me
2026-02-26 23:13:03 WARNING log.log_message: Unauthorized: /api/protected/processes
2026-02-26 23:13:03 WARNING log.log_message: Unauthorized: /api/protected/processes/1/activities
2026-02-26 23:13:03 WARNING log.log_message: Unauthorized: /api/protected/workitems
2026-02-26 23:13:03 WARNING log.log_message: Unauthorized: /api/protected/my/workitems
2026-02-26 23:13:03 WARNING log.log_message: Unauthorized: /api/protected/workitems/1/activate
2026-02-26 23:13:03 WARNING log.log_message: Unauthorized: /api/protected/workitems/1/complete
2026-02-26 23:13:03 WARNING log.log_message: Unauthorized: /api/protected/processes/start
2026-02-26 23:13:05 INFO logger.event: EVENT: [Sample process Sample-Start (Sample process)-1] created by owner
2026-02-26 23:13:05 INFO logger.__call__: process: Sample process user: owner item: 1
2026-02-26 23:13:06 WARNING log.log_message: Forbidden: /api/protected/processes/start
2026-02-27 13:13:06 WARNING logger.<module>: settings.LOGGING_FILE not set; default is workflow.log
2026-02-27 13:13:07 WARNING log.log_message: Unauthorized: /api/protected/me
2026-02-27 13:13:07 WARNING log.log_message: Unauthorized: /api/protected/processes
2026-02-27 13:13:07 WARNING log.log_message: Unauthorized: /api/protected/processes/1/activities
2026-02-27 13:13:07 WARNING log.log_message: Unauthorized: /api/protected/workitems
2026-02-27 13:13:07 WARNING log.log_message: Unauthorized: /api/protected/my/workitems
2026-02-27 13:13:07 WARNING log.log_message: Unauthorized: /api/protected/workitems/1/activate
2026-02-27 13:13:07 WARNING log.log_message: Unauthorized: /api/protected/workitems/1/complete
2026-02-27 13:13:07 WARNING log.log_message: Unauthorized: /api/protected/processes/start
2026-02-27 13:13:08 INFO logger.event: EVENT: [leave leaverequest-1-Start (leave)-1] created by owner
2026-02-27 13:13:08 INFO logger.__call__: process: leave user: owner item: 1
2026-02-27 13:13:09 WARNING log.log_message: Forbidden: /api/protected/processes/start
2026-02-26 23:28:10 WARNING logger.<module>: settings.LOGGING_FILE not set; default is workflow.log
2026-02-27 13:28:11 WARNING logger.<module>: settings.LOGGING_FILE not set; default is workflow.log
